Arguments: 
  /home/otaiki/.nvm/versions/node/v16.17.0/bin/node /home/otaiki/.nvm/versions/node/v16.17.0/bin/yarn add --devhardhat @openzeppelin/contracts typescript typechain ts-node @typechain/ethers-v5 @typechain/hardhat @types/chai @types/node hardhat-deploy @nomiclabs/hardhat-ethers@npm:hardhat-deploy-

PATH: 
  /home/otaiki/.nvm/versions/node/v16.17.0/bin:/home/otaiki/.local/bin:/usr/local/sbin:/usr/local/bin:/usr/sbin:/usr/bin:/sbin:/bin:/usr/games:/usr/local/games:/snap/bin:/snap/bin

Yarn version: 
  1.22.19

Node version: 
  16.17.0

Platform: 
  linux x64

Trace: 
  Error: https://registry.yarnpkg.com/hardhat-deploy-: Not found
      at Request.params.callback [as _callback] (/home/otaiki/.nvm/versions/node/v16.17.0/lib/node_modules/yarn/lib/cli.js:66145:18)
      at Request.self.callback (/home/otaiki/.nvm/versions/node/v16.17.0/lib/node_modules/yarn/lib/cli.js:140890:22)
      at Request.emit (node:events:513:28)
      at Request.<anonymous> (/home/otaiki/.nvm/versions/node/v16.17.0/lib/node_modules/yarn/lib/cli.js:141862:10)
      at Request.emit (node:events:513:28)
      at IncomingMessage.<anonymous> (/home/otaiki/.nvm/versions/node/v16.17.0/lib/node_modules/yarn/lib/cli.js:141784:12)
      at Object.onceWrapper (node:events:627:28)
      at IncomingMessage.emit (node:events:525:35)
      at endReadableNT (node:internal/streams/readable:1358:12)
      at processTicksAndRejections (node:internal/process/task_queues:83:21)

npm manifest: 
  No manifest

yarn manifest: 
  No manifest

Lockfile: 
  No lockfile
